<?xml version="1.0" encoding="UTF-8"?>
<!-- Generated by org.testng.reporters.JUnitReportReporter -->
<testsuite skipped="0" hostname="RaghulBE-PC" name="BusinessReusables.ReusableScripts" tests="1" failures="0" timestamp="16 Sep 2017 13:03:35 GMT" time="39.084" errors="0">
  <testcase name="testScript1" time="39.084" classname="BusinessReusables.ReusableScripts"/>
</testsuite> <!-- BusinessReusables.ReusableScripts -->
